c:\users\krystian golinski\desktop\courseworkcpp\psykg5potionsimulator\debug\courseworkbase2020.bsc
c:\users\krystian golinski\desktop\courseworkcpp\psykg5potionsimulator\debug\vc143.pdb
c:\users\krystian golinski\desktop\courseworkcpp\psykg5potionsimulator\debug\drawingsurface.sbr
c:\users\krystian golinski\desktop\courseworkcpp\psykg5potionsimulator\debug\mainfunction.sbr
c:\users\krystian golinski\desktop\courseworkcpp\psykg5potionsimulator\debug\baseengine.sbr
c:\users\krystian golinski\desktop\courseworkcpp\psykg5potionsimulator\debug\displayableobject.sbr
c:\users\krystian golinski\desktop\courseworkcpp\psykg5potionsimulator\debug\fontmanager.sbr
c:\users\krystian golinski\desktop\courseworkcpp\psykg5potionsimulator\debug\psykg5cauldron.sbr
c:\users\krystian golinski\desktop\courseworkcpp\psykg5potionsimulator\debug\psykg5effect.sbr
c:\users\krystian golinski\desktop\courseworkcpp\psykg5potionsimulator\debug\psykg5filemanager.sbr
c:\users\krystian golinski\desktop\courseworkcpp\psykg5potionsimulator\debug\psykg5flyer.sbr
c:\users\krystian golinski\desktop\courseworkcpp\psykg5potionsimulator\debug\psykg5gameengine.sbr
c:\users\krystian golinski\desktop\courseworkcpp\psykg5potionsimulator\debug\psykg5gameobject.sbr
c:\users\krystian golinski\desktop\courseworkcpp\psykg5potionsimulator\debug\psykg5scrollingbackground.sbr
c:\users\krystian golinski\desktop\courseworkcpp\psykg5potionsimulator\debug\psykg5shield.sbr
c:\users\krystian golinski\desktop\courseworkcpp\psykg5potionsimulator\debug\psykg5sparkleeffect.sbr
c:\users\krystian golinski\desktop\courseworkcpp\psykg5potionsimulator\debug\psykg5state.sbr
c:\users\krystian golinski\desktop\courseworkcpp\psykg5potionsimulator\debug\psykg5statemanager.sbr
c:\users\krystian golinski\desktop\courseworkcpp\psykg5potionsimulator\debug\psykg5wavepixelmapping.sbr
c:\users\krystian golinski\desktop\courseworkcpp\psykg5potionsimulator\debug\simpleimage.sbr
c:\users\krystian golinski\desktop\courseworkcpp\psykg5potionsimulator\debug\tilemanager.sbr
c:\users\krystian golinski\desktop\courseworkcpp\psykg5potionsimulator\debug\tilemanager.obj
c:\users\krystian golinski\desktop\courseworkcpp\psykg5potionsimulator\debug\simpleimage.obj
c:\users\krystian golinski\desktop\courseworkcpp\psykg5potionsimulator\debug\psykg5wavepixelmapping.obj
c:\users\krystian golinski\desktop\courseworkcpp\psykg5potionsimulator\debug\psykg5statemanager.obj
c:\users\krystian golinski\desktop\courseworkcpp\psykg5potionsimulator\debug\psykg5state.obj
c:\users\krystian golinski\desktop\courseworkcpp\psykg5potionsimulator\debug\psykg5sparkleeffect.obj
c:\users\krystian golinski\desktop\courseworkcpp\psykg5potionsimulator\debug\psykg5shield.obj
c:\users\krystian golinski\desktop\courseworkcpp\psykg5potionsimulator\debug\psykg5scrollingbackground.obj
c:\users\krystian golinski\desktop\courseworkcpp\psykg5potionsimulator\debug\psykg5gameobject.obj
c:\users\krystian golinski\desktop\courseworkcpp\psykg5potionsimulator\debug\psykg5gameengine.obj
c:\users\krystian golinski\desktop\courseworkcpp\psykg5potionsimulator\debug\psykg5flyer.obj
c:\users\krystian golinski\desktop\courseworkcpp\psykg5potionsimulator\debug\psykg5filemanager.obj
c:\users\krystian golinski\desktop\courseworkcpp\psykg5potionsimulator\debug\psykg5effect.obj
c:\users\krystian golinski\desktop\courseworkcpp\psykg5potionsimulator\debug\psykg5cauldron.obj
c:\users\krystian golinski\desktop\courseworkcpp\psykg5potionsimulator\debug\fontmanager.obj
c:\users\krystian golinski\desktop\courseworkcpp\psykg5potionsimulator\debug\displayableobject.obj
c:\users\krystian golinski\desktop\courseworkcpp\psykg5potionsimulator\debug\baseengine.obj
c:\users\krystian golinski\desktop\courseworkcpp\psykg5potionsimulator\debug\mainfunction.obj
c:\users\krystian golinski\desktop\courseworkcpp\psykg5potionsimulator\debug\drawingsurface.obj
c:\users\krystian golinski\desktop\courseworkcpp\psykg5potionsimulator\debug\courseworkbase2020.exe
c:\users\krystian golinski\desktop\courseworkcpp\psykg5potionsimulator\src\map
c:\users\krystian golinski\desktop\courseworkcpp\psykg5potionsimulator\debug\courseworkbase2020.pdb
c:\users\krystian golinski\desktop\courseworkcpp\psykg5potionsimulator\debug\courseworkbase2020.ilk
c:\users\krystian golinski\desktop\courseworkcpp\psykg5potionsimulator\/debug\courseworkbase2020.pdb
c:\users\krystian golinski\desktop\courseworkcpp\psykg5potionsimulator\/debug\courseworkbase2020.bsc
c:\users\krystian golinski\desktop\courseworkcpp\psykg5potionsimulator\/debug\courseworkbase2020.ilk
c:\users\krystian golinski\desktop\courseworkcpp\psykg5potionsimulator\/debug\courseworkbase.vcxproj.filelistabsolute.txt
c:\users\krystian golinski\desktop\courseworkcpp\psykg5potionsimulator\debug\coursewo.63f64093.tlog\bscmake.command.1.tlog
c:\users\krystian golinski\desktop\courseworkcpp\psykg5potionsimulator\debug\coursewo.63f64093.tlog\bscmake.read.1.tlog
c:\users\krystian golinski\desktop\courseworkcpp\psykg5potionsimulator\debug\coursewo.63f64093.tlog\bscmake.write.1.tlog
c:\users\krystian golinski\desktop\courseworkcpp\psykg5potionsimulator\debug\coursewo.63f64093.tlog\cl.command.1.tlog
c:\users\krystian golinski\desktop\courseworkcpp\psykg5potionsimulator\debug\coursewo.63f64093.tlog\cl.items.tlog
c:\users\krystian golinski\desktop\courseworkcpp\psykg5potionsimulator\debug\coursewo.63f64093.tlog\cl.read.1.tlog
c:\users\krystian golinski\desktop\courseworkcpp\psykg5potionsimulator\debug\coursewo.63f64093.tlog\cl.write.1.tlog
c:\users\krystian golinski\desktop\courseworkcpp\psykg5potionsimulator\debug\coursewo.63f64093.tlog\link.command.1.tlog
c:\users\krystian golinski\desktop\courseworkcpp\psykg5potionsimulator\debug\coursewo.63f64093.tlog\link.read.1.tlog
c:\users\krystian golinski\desktop\courseworkcpp\psykg5potionsimulator\debug\coursewo.63f64093.tlog\link.secondary.1.tlog
c:\users\krystian golinski\desktop\courseworkcpp\psykg5potionsimulator\debug\coursewo.63f64093.tlog\link.write.1.tlog
